    1  ls
    2  ls-a
    3  ls
    4  ls /usr
    5  pwd
    6  cd /root
    7  pwd
    8  ls
    9  cd usr
   10  cd /usr
   11  pwd
   12  cd /home
   13  mkdir test1
   14  ls
   15  cd /home
   16  mkdir test2/test3
   17  mkdir -p test2/test3
   18  ls test2
   19  touch test1/index.php
   20  ls test1
   21  cd /home/test1 && ls
   22  cd /home/test1
   23  cp index.php copy.php
   24  ls
   25  cp -r test1 test4
   26  ls
   27  cd /home
   28  cp -r test1 test4
   29  ls
   30  ls test4
   31  cd /home
   32  mv test2/test3 test3
   33  ls
   34  cd /home
   35  mv test4 test1_copy
   36  ls
   37  cd /home
   38  ls test1
   39  rm test1/copy.php
   40  ls test1
   41  cd /home
   42  rm -r test3
   43  ls
   44  cd /home
   45  rm test1_copy/*.php
   46  ls test1_copy
   47  rm test1_copy/*.php
   48  ls test1_copy
   49  ls test1
   50  ls test1_copy
   51  ls test2
   52  cat README.md
   53  cat
   54  ls
   55  cat README.md
   56  echo
   57  cd /home
   58  echo '# Hello World' > README.md
   59  cat README.md
   60  echo '# Server Lesson' > README.md
   61  cat README.md
   62  cat README.md
   63  cd /home
   64  echo 'Linux Practice' >> README.md
   65  echo '-----------------' >> README.md
   66  cat README.md
   67  cd /home
   68  vi README.md
   69  set encoding=utf-8
   70  vi README.md
   71  set fileencodings=iso-2022-jp,sjis,utf-8
   72  vi README.md
   73  vi README.md
   74  cd /root
   75  ls
   76  pwd
   77  mkdir server_lesson && cd server_lesson
   78  ls
   79  yum update -y && yum -y install git
   80  git version
   81  git init
   82  touch first.txt
   83  ls
   84  ls
   85  mkdir -p linux_practice1/public
   86  ls
   87  touch public/index.php
   88  ls
   89  cd public
   90  cd/piblic
   91  ls
   92  ls -a
   93  ls/
   94  ls/linux_practice1
   95  pwd
   96  cd linux_practice1
   97  ls
   98  ls -a
   99  cd public
  100  ls
  101  ls
  102  cd server_lesson
  103  cd / server_lesson
  104  cd server_lesson
  105  ls
  106  cd public
  107  cd/root
  108  cd /root
  109  ls
  110  cd server_lesson
  111  cd/server_lesson/ linux_practice1/public && touch index.php 
  112  cd/server_lesson/ linux_practice1/public && ls
  113  cd/server_lesson/ linux_practice1 && ls
  114  cd/server_lesson/linux_practice1 && ls
  115  cd /server_lesson/linux_practice1 && ls
  116  touch linux_practice1/public/index.php 
  117  touch linux_practice1/public ls
  118  linux_practice1/public ls
  119  cd public
  120  cd linux_practice1
  121  cd public
  122  ls
  123  cd /
  124  ls
  125  cd/root
  126  cd /root
  127  ls
  128  cd server_lesson
  129  cd linux_practice1/public
  130  cp index.php index_bk.php
  131  ls
  132  cd /server_lesson
  133  cd /root
  134  cd server_lesson
  135  ls
  136  ls
  137  cd ls
  138  ls
  139  cd ls
  140  ls
  141  cd first.txt
  142  ls
  143  rm ls
  144  ls
  145  ls linux_practice1
  146  ls public
  147  cd linux_practice1
  148  cp public tmp
  149  cp -r  public tmp
  150  ls
  151  ls tmp
  152  ls tmp
  153  rm tmp/index_bk.php
  154  ls tmp
  155  cd /server_lesson
  156  cd /root
  157  cd server_lesson
  158  ls
  159  touch README.md
  160  ls
  161  vi README.md
  162  mkdir -p linux_practice2/documents
  163  ls
  164  cd /linux_practice2/documents
  165  cd linux_practice2/documents
  166  touch gizumo{01..50}.md
  167  ls
  168  cd /server_lesson
  169  cd -
  170  mkdir linux_practice2/trash
  171  ls
  172  cd linux_practice2/tresh
  173  cd linux_practice2/trash
  174  cd -
  175  cd linux_practice1/documents
  176  cd linux_practice2/documents
  177  mv gizumo{20..40}.md trash
  178  mv gizumo{20..40}.md linux_practice1/trash
  179  mv gizumo{20..40}.md trash
  180  mv gizumo{20..40}.md linux_practice1/trash
  181  mv documents/gizumo{20..40}.md linux_practice1/trash
  182  mv gizumo{20..40}.md trash
  183  ls
  184  mv gizumo{20..40}.md trash
  185  cd -
  186  cd linux_practice2
  187  documents/gizumo{20..40}.md trash
  188  ls
  189   cd trash
  190  ls
  191  cd -
  192  cd documents
  193  ls
  194  cd -
  195  cd -
  196  cd -
  197  cd .
  198  cd ..
  199  cd linux_practice2/documents
  200  mv gizumo{20..40}.md linux_practice2/trash
  201  cd -
  202  cd linux_practice2
  203  mv gizumo{20..40}.md trash
  204  ls
  205  cd trash
  206  ls
  207  cd -
  208  mv documents/gizumo{20..40}.md trash
  209  cd trash
  210  ls
  211  cd -
  212  cd ..
  213  mkdir linux_practice2/.gitignore
  214  ls
  215  cd linux_practice2
  216  ls
  217  ls
  218  mkdir .gitignore
  219  ls
  220  ls -a
  221  rm .gitignore
  222  rm -r .gitignore
  223  ls
  224  ls -a
  225  touch .gitignore
  226  ls
  227  ls -a
  228  cat .gitignore
  229  ls
  230  vi .gitignore
  231  cd -
  232  history 300
  233  cd -
  234  echo history 300 > exec_command.log
  235  cat exec_command.log
  236  history 300 > exec_command.log
